<?xml version="1.0" encoding="UTF-8"?>
<!-- Generated by org.testng.reporters.JUnitReportReporter -->
<testsuite hostname="LAPTOP-0F1VP0S4" failures="0" tests="5" name="webStuarantTest.SearchItemAddCartTest" time="87.692" errors="0" timestamp="2024-02-27T22:51:12 MST" skipped="0">
  <testcase classname="webStuarantTest.SearchItemAddCartTest" name="goToPage" time="4.160"/>
  <system-out/>
  <testcase classname="webStuarantTest.SearchItemAddCartTest" name="searchTheResult" time="5.205"/>
  <system-out/>
  <testcase classname="webStuarantTest.SearchItemAddCartTest" name="checkTheTitle" time="72.364"/>
  <system-out/>
  <testcase classname="webStuarantTest.SearchItemAddCartTest" name="addToTheCart" time="5.319"/>
  <system-out/>
  <testcase classname="webStuarantTest.SearchItemAddCartTest" name="emptyTheCart" time="0.644"/>
  <system-out/>
</testsuite> <!-- webStuarantTest.SearchItemAddCartTest -->
