<?xml version="1.0" encoding="UTF-8"?>
<!-- Generated by org.testng.reporters.JUnitReportReporter -->
<testsuite hostname="LAPTOP-0F1VP0S4" failures="0" tests="5" name="webStuarantTest.Testing" time="78.874" errors="0" timestamp="2024-02-27T22:05:38 MST" skipped="0">
  <testcase classname="webStuarantTest.Testing" name="goToPage" time="5.686"/>
  <system-out/>
  <testcase classname="webStuarantTest.Testing" name="searchTheResult" time="3.453"/>
  <system-out/>
  <testcase classname="webStuarantTest.Testing" name="checkTheTitle" time="65.812"/>
  <system-out/>
  <testcase classname="webStuarantTest.Testing" name="addToTheCart" time="3.169"/>
  <system-out/>
  <testcase classname="webStuarantTest.Testing" name="emptyTheCart" time="0.754"/>
  <system-out/>
</testsuite> <!-- webStuarantTest.Testing -->
